<?xml version="1.0" encoding="UTF-8"?>
<testng-results skipped="0" failed="0" ignored="0" total="6" passed="6">
  <reporter-output>
  </reporter-output>
  <suite name="Default suite" duration-ms="34" started-at="2023-01-04T22:03:45 IST" finished-at="2023-01-04T22:03:45 IST">
    <groups>
    </groups>
    <test name="Default test" duration-ms="34" started-at="2023-01-04T22:03:45 IST" finished-at="2023-01-04T22:03:45 IST">
      <class name="pkg1.Class2">
        <test-method status="PASS" signature="beforeSuit()[pri:0, instance:pkg1.Class2@544a2ea6]" name="beforeSuit" is-config="true" duration-ms="0" started-at="2023-01-04T22:03:45 IST" finished-at="2023-01-04T22:03:45 IST">
          <reporter-output>
          </reporter-output>
        </test-method> <!-- beforeSuit -->
        <test-method status="PASS" signature="beforeTest()[pri:0, instance:pkg1.Class2@544a2ea6]" name="beforeTest" is-config="true" duration-ms="0" started-at="2023-01-04T22:03:45 IST" finished-at="2023-01-04T22:03:45 IST">
          <reporter-output>
          </reporter-output>
        </test-method> <!-- beforeTest -->
        <test-method status="PASS" signature="beforeClass()[pri:0, instance:pkg1.Class2@544a2ea6]" name="beforeClass" is-config="true" duration-ms="0" started-at="2023-01-04T22:03:45 IST" finished-at="2023-01-04T22:03:45 IST">
          <reporter-output>
          </reporter-output>
        </test-method> <!-- beforeClass -->
        <test-method status="PASS" signature="beforeMethod()[pri:0, instance:pkg1.Class2@544a2ea6]" name="beforeMethod" is-config="true" duration-ms="0" started-at="2023-01-04T22:03:45 IST" finished-at="2023-01-04T22:03:45 IST">
          <reporter-output>
          </reporter-output>
        </test-method> <!-- beforeMethod -->
        <test-method status="PASS" signature="test1()[pri:-3, instance:pkg1.Class2@544a2ea6]" name="test1" duration-ms="4" started-at="2023-01-04T22:03:45 IST" finished-at="2023-01-04T22:03:45 IST">
          <reporter-output>
          </reporter-output>
        </test-method> <!-- test1 -->
        <test-method status="PASS" signature="afterMethod()[pri:0, instance:pkg1.Class2@544a2ea6]" name="afterMethod" is-config="true" duration-ms="0" started-at="2023-01-04T22:03:45 IST" finished-at="2023-01-04T22:03:45 IST">
          <reporter-output>
          </reporter-output>
        </test-method> <!-- afterMethod -->
        <test-method status="PASS" signature="beforeMethod()[pri:0, instance:pkg1.Class2@544a2ea6]" name="beforeMethod" is-config="true" duration-ms="1" started-at="2023-01-04T22:03:45 IST" finished-at="2023-01-04T22:03:45 IST">
          <reporter-output>
          </reporter-output>
        </test-method> <!-- beforeMethod -->
        <test-method status="PASS" signature="test3()[pri:1, instance:pkg1.Class2@544a2ea6]" name="test3" duration-ms="0" started-at="2023-01-04T22:03:45 IST" finished-at="2023-01-04T22:03:45 IST">
          <reporter-output>
          </reporter-output>
        </test-method> <!-- test3 -->
        <test-method status="PASS" signature="afterMethod()[pri:0, instance:pkg1.Class2@544a2ea6]" name="afterMethod" is-config="true" duration-ms="0" started-at="2023-01-04T22:03:45 IST" finished-at="2023-01-04T22:03:45 IST">
          <reporter-output>
          </reporter-output>
        </test-method> <!-- afterMethod -->
        <test-method status="PASS" signature="beforeMethod()[pri:0, instance:pkg1.Class2@544a2ea6]" name="beforeMethod" is-config="true" duration-ms="1" started-at="2023-01-04T22:03:45 IST" finished-at="2023-01-04T22:03:45 IST">
          <reporter-output>
          </reporter-output>
        </test-method> <!-- beforeMethod -->
        <test-method status="PASS" signature="test2()[pri:2, instance:pkg1.Class2@544a2ea6]" name="test2" duration-ms="0" started-at="2023-01-04T22:03:45 IST" finished-at="2023-01-04T22:03:45 IST">
          <reporter-output>
          </reporter-output>
        </test-method> <!-- test2 -->
        <test-method status="PASS" signature="afterMethod()[pri:0, instance:pkg1.Class2@544a2ea6]" name="afterMethod" is-config="true" duration-ms="0" started-at="2023-01-04T22:03:45 IST" finished-at="2023-01-04T22:03:45 IST">
          <reporter-output>
          </reporter-output>
        </test-method> <!-- afterMethod -->
        <test-method status="PASS" signature="afterClass()[pri:0, instance:pkg1.Class2@544a2ea6]" name="afterClass" is-config="true" duration-ms="1" started-at="2023-01-04T22:03:45 IST" finished-at="2023-01-04T22:03:45 IST">
          <reporter-output>
          </reporter-output>
        </test-method> <!-- afterClass -->
        <test-method status="PASS" signature="afterTest()[pri:0, instance:pkg1.Class2@544a2ea6]" name="afterTest" is-config="true" duration-ms="0" started-at="2023-01-04T22:03:45 IST" finished-at="2023-01-04T22:03:45 IST">
          <reporter-output>
          </reporter-output>
        </test-method> <!-- afterTest -->
        <test-method status="PASS" signature="AfterSuit()[pri:0, instance:pkg1.Class2@544a2ea6]" name="AfterSuit" is-config="true" duration-ms="0" started-at="2023-01-04T22:03:45 IST" finished-at="2023-01-04T22:03:45 IST">
          <reporter-output>
          </reporter-output>
        </test-method> <!-- AfterSuit -->
      </class> <!-- pkg1.Class2 -->
      <class name="pkg1.Class1">
        <test-method status="PASS" signature="beforeSuit()[pri:0, instance:pkg1.Class1@704d6e83]" name="beforeSuit" is-config="true" duration-ms="6" started-at="2023-01-04T22:03:45 IST" finished-at="2023-01-04T22:03:45 IST">
          <reporter-output>
          </reporter-output>
        </test-method> <!-- beforeSuit -->
        <test-method status="PASS" signature="beforeTest()[pri:0, instance:pkg1.Class1@704d6e83]" name="beforeTest" is-config="true" duration-ms="0" started-at="2023-01-04T22:03:45 IST" finished-at="2023-01-04T22:03:45 IST">
          <reporter-output>
          </reporter-output>
        </test-method> <!-- beforeTest -->
        <test-method status="PASS" signature="beforeClass()[pri:0, instance:pkg1.Class1@704d6e83]" name="beforeClass" is-config="true" duration-ms="0" started-at="2023-01-04T22:03:45 IST" finished-at="2023-01-04T22:03:45 IST">
          <reporter-output>
          </reporter-output>
        </test-method> <!-- beforeClass -->
        <test-method status="PASS" signature="test1()[pri:0, instance:pkg1.Class1@704d6e83]" name="test1" duration-ms="0" started-at="2023-01-04T22:03:45 IST" finished-at="2023-01-04T22:03:45 IST">
          <reporter-output>
          </reporter-output>
        </test-method> <!-- test1 -->
        <test-method status="PASS" signature="beforeMethod()[pri:0, instance:pkg1.Class1@704d6e83]" name="beforeMethod" is-config="true" duration-ms="0" started-at="2023-01-04T22:03:45 IST" finished-at="2023-01-04T22:03:45 IST">
          <reporter-output>
          </reporter-output>
        </test-method> <!-- beforeMethod -->
        <test-method status="PASS" signature="beforeMethod()[pri:0, instance:pkg1.Class1@704d6e83]" name="beforeMethod" is-config="true" duration-ms="0" started-at="2023-01-04T22:03:45 IST" finished-at="2023-01-04T22:03:45 IST">
          <reporter-output>
          </reporter-output>
        </test-method> <!-- beforeMethod -->
        <test-method status="PASS" signature="afterMethod()[pri:0, instance:pkg1.Class1@704d6e83]" name="afterMethod" is-config="true" duration-ms="0" started-at="2023-01-04T22:03:45 IST" finished-at="2023-01-04T22:03:45 IST">
          <reporter-output>
          </reporter-output>
        </test-method> <!-- afterMethod -->
        <test-method status="PASS" signature="test2()[pri:0, instance:pkg1.Class1@704d6e83]" name="test2" duration-ms="0" started-at="2023-01-04T22:03:45 IST" finished-at="2023-01-04T22:03:45 IST">
          <reporter-output>
          </reporter-output>
        </test-method> <!-- test2 -->
        <test-method status="PASS" signature="afterMethod()[pri:0, instance:pkg1.Class1@704d6e83]" name="afterMethod" is-config="true" duration-ms="0" started-at="2023-01-04T22:03:45 IST" finished-at="2023-01-04T22:03:45 IST">
          <reporter-output>
          </reporter-output>
        </test-method> <!-- afterMethod -->
        <test-method status="PASS" signature="afterMethod()[pri:0, instance:pkg1.Class1@704d6e83]" name="afterMethod" is-config="true" duration-ms="1" started-at="2023-01-04T22:03:45 IST" finished-at="2023-01-04T22:03:45 IST">
          <reporter-output>
          </reporter-output>
        </test-method> <!-- afterMethod -->
        <test-method status="PASS" signature="beforeMethod()[pri:0, instance:pkg1.Class1@704d6e83]" name="beforeMethod" is-config="true" duration-ms="0" started-at="2023-01-04T22:03:45 IST" finished-at="2023-01-04T22:03:45 IST">
          <reporter-output>
          </reporter-output>
        </test-method> <!-- beforeMethod -->
        <test-method status="PASS" signature="test3()[pri:0, instance:pkg1.Class1@704d6e83]" name="test3" duration-ms="0" started-at="2023-01-04T22:03:45 IST" finished-at="2023-01-04T22:03:45 IST">
          <reporter-output>
          </reporter-output>
        </test-method> <!-- test3 -->
        <test-method status="PASS" signature="afterTest()[pri:0, instance:pkg1.Class1@704d6e83]" name="afterTest" is-config="true" duration-ms="0" started-at="2023-01-04T22:03:45 IST" finished-at="2023-01-04T22:03:45 IST">
          <reporter-output>
          </reporter-output>
        </test-method> <!-- afterTest -->
        <test-method status="PASS" signature="afterClass()[pri:0, instance:pkg1.Class1@704d6e83]" name="afterClass" is-config="true" duration-ms="0" started-at="2023-01-04T22:03:45 IST" finished-at="2023-01-04T22:03:45 IST">
          <reporter-output>
          </reporter-output>
        </test-method> <!-- afterClass -->
        <test-method status="PASS" signature="AfterSuit()[pri:0, instance:pkg1.Class1@704d6e83]" name="AfterSuit" is-config="true" duration-ms="0" started-at="2023-01-04T22:03:45 IST" finished-at="2023-01-04T22:03:45 IST">
          <reporter-output>
          </reporter-output>
        </test-method> <!-- AfterSuit -->
      </class> <!-- pkg1.Class1 -->
    </test> <!-- Default test -->
  </suite> <!-- Default suite -->
</testng-results>
