<?xml version="1.0" encoding="UTF-8"?>
<testng-results skipped="0" failed="0" ignored="0" total="1" passed="1">
  <reporter-output>
  </reporter-output>
  <suite name="Default suite" duration-ms="25" started-at="2022-12-31T00:08:28 IST" finished-at="2022-12-31T00:08:28 IST">
    <groups>
    </groups>
    <test name="Default test" duration-ms="25" started-at="2022-12-31T00:08:28 IST" finished-at="2022-12-31T00:08:28 IST">
      <class name="maven.MVNTest">
        <test-method status="PASS" signature="testCase()[pri:0, instance:maven.MVNTest@612fc6eb]" name="testCase" duration-ms="5" started-at="2022-12-31T00:08:28 IST" finished-at="2022-12-31T00:08:28 IST">
          <reporter-output>
          </reporter-output>
        </test-method> <!-- testCase -->
      </class> <!-- maven.MVNTest -->
    </test> <!-- Default test -->
  </suite> <!-- Default suite -->
</testng-results>
