<?xml version="1.0" encoding="UTF-8"?>
<!-- Generated by org.testng.reporters.JUnitXMLReporter -->
<testsuite hostname="INHL1343" ignored="2" name="Test" tests="2" failures="0" timestamp="2023-01-05T21:13:48 IST" time="0.031" errors="0">
  <testcase name="method2" time="0.006" classname="dataprovider.Group"/>
  <testcase name="method3" time="0.001" classname="dataprovider.Group"/>
  <testcase name="method1" time="0.0" classname="dataprovider.Group">
    <ignored/>
  </testcase> <!-- method1 -->
  <testcase name="method4" time="0.0" classname="dataprovider.Group">
    <ignored/>
  </testcase> <!-- method4 -->
</testsuite> <!-- Test -->
