<?xml version="1.0" encoding="UTF-8"?>
<testng-results skipped="0" failed="0" ignored="0" total="1" passed="1">
  <reporter-output>
  </reporter-output>
  <suite name="Default suite" duration-ms="5297" started-at="2022-12-30T22:50:53 IST" finished-at="2022-12-30T22:50:58 IST">
    <groups>
    </groups>
    <test name="Default test" duration-ms="5297" started-at="2022-12-30T22:50:53 IST" finished-at="2022-12-30T22:50:58 IST">
      <class name="mvnTest.MVNTest">
        <test-method status="PASS" signature="firstTestCase()[pri:0, instance:mvnTest.MVNTest@553a3d88]" name="firstTestCase" duration-ms="5275" started-at="2022-12-30T22:50:53 IST" finished-at="2022-12-30T22:50:58 IST">
          <reporter-output>
          </reporter-output>
        </test-method> <!-- firstTestCase -->
      </class> <!-- mvnTest.MVNTest -->
    </test> <!-- Default test -->
  </suite> <!-- Default suite -->
</testng-results>
