<?xml version="1.0" encoding="UTF-8"?>
<!-- Generated by org.testng.reporters.JUnitXMLReporter -->
<testsuite hostname="INHL1343" ignored="0" name="Test" tests="7" failures="0" timestamp="2023-01-05T00:27:41 IST" time="0.038" errors="0">
  <testcase name="test1" time="0.002" classname="pkg1.Class2"/>
  <testcase name="test3" time="0.002" classname="pkg1.Class2"/>
  <testcase name="test4" time="0.0" classname="pkg1.Class2"/>
  <testcase name="test2" time="0.001" classname="pkg1.Class2"/>
  <testcase name="test1" time="0.001" classname="pkg1.Class1"/>
  <testcase name="test2" time="0.0" classname="pkg1.Class1"/>
  <testcase name="test3" time="0.001" classname="pkg1.Class1"/>
</testsuite> <!-- Test -->
