<?xml version="1.0" encoding="UTF-8"?>
<!-- Generated by org.testng.reporters.JUnitXMLReporter -->
<testsuite hostname="INHL1343" ignored="0" name="Default test" tests="10" failures="0" timestamp="2023-01-06T16:27:36 IST" time="0.036" errors="0">
  <testcase name="method1" time="0.004" classname="dataprovider.Group"/>
  <testcase name="method2" time="0.001" classname="dataprovider.Group"/>
  <testcase name="method3" time="0.001" classname="dataprovider.Group"/>
  <testcase name="method4" time="0.0" classname="dataprovider.Group"/>
  <testcase name="login" time="0.001" classname="dataprovider.DataProviderTest"/>
  <testcase name="login" time="0.0" classname="dataprovider.DataProviderTest"/>
  <testcase name="login" time="0.001" classname="dataprovider.DataProviderTest"/>
  <testcase name="register" time="0.0" classname="dataprovider.DataProviderTest"/>
  <testcase name="register" time="0.0" classname="dataprovider.DataProviderTest"/>
  <testcase name="register" time="0.001" classname="dataprovider.DataProviderTest"/>
</testsuite> <!-- Default test -->
