<?xml version="1.0" encoding="UTF-8"?>
<testng-results skipped="0" failed="0" ignored="0" total="10" passed="10">
  <reporter-output>
  </reporter-output>
  <suite name="Default suite" duration-ms="36" started-at="2023-01-06T16:27:36 IST" finished-at="2023-01-06T16:27:36 IST">
    <groups>
      <group name="performance">
        <method signature="Group.method2()[pri:0, instance:dataprovider.Group@67205a84]" name="method2" class="dataprovider.Group"/>
      </group> <!-- performance -->
      <group name="regression">
        <method signature="Group.method4()[pri:0, instance:dataprovider.Group@67205a84]" name="method4" class="dataprovider.Group"/>
      </group> <!-- regression -->
      <group name="smoke">
        <method signature="Group.method1()[pri:0, instance:dataprovider.Group@67205a84]" name="method1" class="dataprovider.Group"/>
      </group> <!-- smoke -->
      <group name="sanity">
        <method signature="Group.method3()[pri:0, instance:dataprovider.Group@67205a84]" name="method3" class="dataprovider.Group"/>
      </group> <!-- sanity -->
    </groups>
    <test name="Default test" duration-ms="36" started-at="2023-01-06T16:27:36 IST" finished-at="2023-01-06T16:27:36 IST">
      <class name="dataprovider.Group">
        <test-method status="PASS" signature="method1()[pri:0, instance:dataprovider.Group@67205a84]" name="method1" duration-ms="4" started-at="2023-01-06T16:27:36 IST" finished-at="2023-01-06T16:27:36 IST">
          <reporter-output>
          </reporter-output>
        </test-method> <!-- method1 -->
        <test-method status="PASS" signature="method2()[pri:0, instance:dataprovider.Group@67205a84]" name="method2" duration-ms="1" started-at="2023-01-06T16:27:36 IST" finished-at="2023-01-06T16:27:36 IST">
          <reporter-output>
          </reporter-output>
        </test-method> <!-- method2 -->
        <test-method status="PASS" signature="method3()[pri:0, instance:dataprovider.Group@67205a84]" name="method3" duration-ms="1" started-at="2023-01-06T16:27:36 IST" finished-at="2023-01-06T16:27:36 IST">
          <reporter-output>
          </reporter-output>
        </test-method> <!-- method3 -->
        <test-method status="PASS" signature="method4()[pri:0, instance:dataprovider.Group@67205a84]" name="method4" duration-ms="0" started-at="2023-01-06T16:27:36 IST" finished-at="2023-01-06T16:27:36 IST">
          <reporter-output>
          </reporter-output>
        </test-method> <!-- method4 -->
      </class> <!-- dataprovider.Group -->
      <class name="dataprovider.DataProviderTest">
        <test-method status="PASS" signature="login(java.lang.String,java.lang.String)[pri:0, instance:dataprovider.DataProviderTest@26aa12dd]" name="login" duration-ms="1" started-at="2023-01-06T16:27:36 IST" data-provider="DP" finished-at="2023-01-06T16:27:36 IST">
          <params>
            <param index="0">
              <value>
                <![CDATA[xyz@gmail.com]]>
              </value>
            </param>
            <param index="1">
              <value>
                <![CDATA[111111]]>
              </value>
            </param>
          </params>
          <reporter-output>
          </reporter-output>
        </test-method> <!-- login -->
        <test-method status="PASS" signature="login(java.lang.String,java.lang.String)[pri:0, instance:dataprovider.DataProviderTest@26aa12dd]" name="login" duration-ms="0" started-at="2023-01-06T16:27:36 IST" data-provider="DP" finished-at="2023-01-06T16:27:36 IST">
          <params>
            <param index="0">
              <value>
                <![CDATA[xyz1@gmail.com]]>
              </value>
            </param>
            <param index="1">
              <value>
                <![CDATA[111112]]>
              </value>
            </param>
          </params>
          <reporter-output>
          </reporter-output>
        </test-method> <!-- login -->
        <test-method status="PASS" signature="login(java.lang.String,java.lang.String)[pri:0, instance:dataprovider.DataProviderTest@26aa12dd]" name="login" duration-ms="1" started-at="2023-01-06T16:27:36 IST" data-provider="DP" finished-at="2023-01-06T16:27:36 IST">
          <params>
            <param index="0">
              <value>
                <![CDATA[xyz2@gmail.com]]>
              </value>
            </param>
            <param index="1">
              <value>
                <![CDATA[1111113]]>
              </value>
            </param>
          </params>
          <reporter-output>
          </reporter-output>
        </test-method> <!-- login -->
        <test-method status="PASS" signature="register(java.lang.String,java.lang.String,java.lang.String,java.lang.String)[pri:0, instance:dataprovider.DataProviderTest@26aa12dd]" name="register" duration-ms="0" started-at="2023-01-06T16:27:36 IST" data-provider="DP" finished-at="2023-01-06T16:27:36 IST">
          <params>
            <param index="0">
              <value>
                <![CDATA[Rahul]]>
              </value>
            </param>
            <param index="1">
              <value>
                <![CDATA[Singh]]>
              </value>
            </param>
            <param index="2">
              <value>
                <![CDATA[xyz@gmail.com]]>
              </value>
            </param>
            <param index="3">
              <value>
                <![CDATA[111111]]>
              </value>
            </param>
          </params>
          <reporter-output>
          </reporter-output>
        </test-method> <!-- register -->
        <test-method status="PASS" signature="register(java.lang.String,java.lang.String,java.lang.String,java.lang.String)[pri:0, instance:dataprovider.DataProviderTest@26aa12dd]" name="register" duration-ms="1" started-at="2023-01-06T16:27:36 IST" data-provider="DP" finished-at="2023-01-06T16:27:36 IST">
          <params>
            <param index="0">
              <value>
                <![CDATA[Rahul2]]>
              </value>
            </param>
            <param index="1">
              <value>
                <![CDATA[Singh2]]>
              </value>
            </param>
            <param index="2">
              <value>
                <![CDATA[xyz2@gmail.com]]>
              </value>
            </param>
            <param index="3">
              <value>
                <![CDATA[1111113]]>
              </value>
            </param>
          </params>
          <reporter-output>
          </reporter-output>
        </test-method> <!-- register -->
        <test-method status="PASS" signature="register(java.lang.String,java.lang.String,java.lang.String,java.lang.String)[pri:0, instance:dataprovider.DataProviderTest@26aa12dd]" name="register" duration-ms="0" started-at="2023-01-06T16:27:36 IST" data-provider="DP" finished-at="2023-01-06T16:27:36 IST">
          <params>
            <param index="0">
              <value>
                <![CDATA[Rahul1]]>
              </value>
            </param>
            <param index="1">
              <value>
                <![CDATA[Singh1]]>
              </value>
            </param>
            <param index="2">
              <value>
                <![CDATA[xyz1@gmail.com]]>
              </value>
            </param>
            <param index="3">
              <value>
                <![CDATA[111112]]>
              </value>
            </param>
          </params>
          <reporter-output>
          </reporter-output>
        </test-method> <!-- register -->
      </class> <!-- dataprovider.DataProviderTest -->
    </test> <!-- Default test -->
  </suite> <!-- Default suite -->
</testng-results>
